<?xml version="1.0" encoding="UTF-8"?>
<!-- Generated by org.testng.reporters.JUnitReportReporter -->
<testsuite skipped="0" hostname="DESKTOP-SRN6HAV" name="calcultor_operation.Calculator" tests="5" failures="0" timestamp="2022-04-29T10:03:25 IST" time="41.267" errors="0">
  <testcase name="OpenCrome" time="11.264" classname="calcultor_operation.Calculator"/>
  <system-out/>
  <testcase name="Addition" time="16.837" classname="calcultor_operation.Calculator"/>
  <system-out/>
  <testcase name="Multiplication" time="5.415" classname="calcultor_operation.Calculator"/>
  <system-out/>
  <testcase name="Division" time="3.821" classname="calcultor_operation.Calculator"/>
  <system-out/>
  <testcase name="subtraction" time="3.930" classname="calcultor_operation.Calculator"/>
  <system-out/>
</testsuite> <!-- calcultor_operation.Calculator -->
